Exception in thread "main" javax.jdo.JDODataStoreException: Error(s) were found while auto-creating/validating the datastore for classes. The errors are printed in the log, and are attached to this exception.
	at org.datanucleus.api.jdo.NucleusJDOHelper.getJDOExceptionForNucleusException(NucleusJDOHelper.java:451)
	at org.datanucleus.api.jdo.JDOPersistenceManager.jdoMakePersistent(JDOPersistenceManager.java:732)
	at org.datanucleus.api.jdo.JDOPersistenceManager.makePersistent(JDOPersistenceManager.java:752)
	at org.apache.hadoop.hive.metastore.ObjectStore.createDatabase(ObjectStore.java:403)
	at sun.reflect.NativeMethodAccessorImpl.invoke0(Native Method)
	at sun.reflect.NativeMethodAccessorImpl.invoke(Unknown Source)
	at sun.reflect.DelegatingMethodAccessorImpl.invoke(Unknown Source)
	at java.lang.reflect.Method.invoke(Unknown Source)
	at org.apache.hadoop.hive.metastore.RetryingRawStore.invoke(RetryingRawStore.java:124)
	at $Proxy0.createDatabase(Unknown Source)
	at org.apache.hadoop.hive.metastore.HiveMetaStore$HMSHandler.createDefaultDB_core(HiveMetaStore.java:422)
	at org.apache.hadoop.hive.metastore.HiveMetaStore$HMSHandler.createDefaultDB(HiveMetaStore.java:441)
	at org.apache.hadoop.hive.metastore.HiveMetaStore$HMSHandler.init(HiveMetaStore.java:326)
	at org.apache.hadoop.hive.metastore.HiveMetaStore$HMSHandler.<init>(HiveMetaStore.java:286)
	at org.apache.hadoop.hive.metastore.RetryingHMSHandler.<init>(RetryingHMSHandler.java:54)
	at org.apache.hadoop.hive.metastore.RetryingHMSHandler.getProxy(RetryingHMSHandler.java:59)
	at org.apache.hadoop.hive.metastore.HiveMetaStore.newHMSHandler(HiveMetaStore.java:4060)
	at org.apache.hadoop.hive.metastore.HiveMetaStore.startMetaStore(HiveMetaStore.java:4263)
	at org.apache.hadoop.hive.metastore.HiveMetaStore.main(HiveMetaStore.java:4197)
	at sun.reflect.NativeMethodAccessorImpl.invoke0(Native Method)
	at sun.reflect.NativeMethodAccessorImpl.invoke(Unknown Source)
	at sun.reflect.DelegatingMethodAccessorImpl.invoke(Unknown Source)
	at java.lang.reflect.Method.invoke(Unknown Source)
	at org.apache.hadoop.util.RunJar.main(RunJar.java:212)
NestedThrowablesStackTrace:
java.sql.SQLException: The table 'DBS' is full
	at com.mysql.jdbc.SQLError.createSQLException(SQLError.java:1086)
	at com.mysql.jdbc.MysqlIO.checkErrorPacket(MysqlIO.java:4237)
	at com.mysql.jdbc.MysqlIO.checkErrorPacket(MysqlIO.java:4169)
	at com.mysql.jdbc.MysqlIO.sendCommand(MysqlIO.java:2617)
	at com.mysql.jdbc.MysqlIO.sqlQueryDirect(MysqlIO.java:2778)
	at com.mysql.jdbc.ConnectionImpl.execSQL(ConnectionImpl.java:2819)
	at com.mysql.jdbc.ConnectionImpl.execSQL(ConnectionImpl.java:2768)
	at com.mysql.jdbc.StatementImpl.execute(StatementImpl.java:949)
	at com.mysql.jdbc.StatementImpl.execute(StatementImpl.java:795)
	at com.jolbox.bonecp.StatementHandle.execute(StatementHandle.java:300)
	at org.datanucleus.store.rdbms.table.AbstractTable.executeDdlStatement(AbstractTable.java:760)
	at org.datanucleus.store.rdbms.table.TableImpl.createIndices(TableImpl.java:648)
	at org.datanucleus.store.rdbms.table.TableImpl.createConstraints(TableImpl.java:422)
	at org.datanucleus.store.rdbms.RDBMSStoreManager$ClassAdder.performTablesValidation(RDBMSStoreManager.java:3466)
	at org.datanucleus.store.rdbms.RDBMSStoreManager$ClassAdder.addClassTablesAndValidate(RDBMSStoreManager.java:3199)
	at org.datanucleus.store.rdbms.RDBMSStoreManager$ClassAdder.run(RDBMSStoreManager.java:2850)
	at org.datanucleus.store.rdbms.AbstractSchemaTransaction.execute(AbstractSchemaTransaction.java:122)
	at org.datanucleus.store.rdbms.RDBMSStoreManager.addClasses(RDBMSStoreManager.java:1624)
	at org.datanucleus.store.AbstractStoreManager.addClass(AbstractStoreManager.java:953)
	at org.datanucleus.store.rdbms.RDBMSStoreManager.getDatastoreClass(RDBMSStoreManager.java:687)
	at org.datanucleus.store.rdbms.RDBMSStoreManager.getPropertiesForGenerator(RDBMSStoreManager.java:2059)
	at org.datanucleus.store.AbstractStoreManager.getStrategyValue(AbstractStoreManager.java:1364)
	at org.datanucleus.ExecutionContextImpl.newObjectId(ExecutionContextImpl.java:3727)
	at org.datanucleus.state.JDOStateManager.setIdentity(JDOStateManager.java:2574)
	at org.datanucleus.state.JDOStateManager.initialiseForPersistentNew(JDOStateManager.java:526)
	at org.datanucleus.state.ObjectProviderFactoryImpl.newForPersistentNew(ObjectProviderFactoryImpl.java:202)
	at org.datanucleus.ExecutionContextImpl.newObjectProviderForPersistentNew(ExecutionContextImpl.java:1326)
	at org.datanucleus.ExecutionContextImpl.persistObjectInternal(ExecutionContextImpl.java:2123)
	at org.datanucleus.ExecutionContextImpl.persistObjectWork(ExecutionContextImpl.java:1972)
	at org.datanucleus.ExecutionContextImpl.persistObject(ExecutionContextImpl.java:1820)
	at org.datanucleus.ExecutionContextThreadedImpl.persistObject(ExecutionContextThreadedImpl.java:217)
	at org.datanucleus.api.jdo.JDOPersistenceManager.jdoMakePersistent(JDOPersistenceManager.java:727)
	at org.datanucleus.api.jdo.JDOPersistenceManager.makePersistent(JDOPersistenceManager.java:752)
	at org.apache.hadoop.hive.metastore.ObjectStore.createDatabase(ObjectStore.java:403)
	at sun.reflect.NativeMethodAccessorImpl.invoke0(Native Method)
	at sun.reflect.NativeMethodAccessorImpl.invoke(Unknown Source)
	at sun.reflect.DelegatingMethodAccessorImpl.invoke(Unknown Source)
	at java.lang.reflect.Method.invoke(Unknown Source)
	at org.apache.hadoop.hive.metastore.RetryingRawStore.invoke(RetryingRawStore.java:124)
	at $Proxy0.createDatabase(Unknown Source)
	at org.apache.hadoop.hive.metastore.HiveMetaStore$HMSHandler.createDefaultDB_core(HiveMetaStore.java:422)
	at org.apache.hadoop.hive.metastore.HiveMetaStore$HMSHandler.createDefaultDB(HiveMetaStore.java:441)
	at org.apache.hadoop.hive.metastore.HiveMetaStore$HMSHandler.init(HiveMetaStore.java:326)
	at org.apache.hadoop.hive.metastore.HiveMetaStore$HMSHandler.<init>(HiveMetaStore.java:286)
	at org.apache.hadoop.hive.metastore.RetryingHMSHandler.<init>(RetryingHMSHandler.java:54)
	at org.apache.hadoop.hive.metastore.RetryingHMSHandler.getProxy(RetryingHMSHandler.java:59)
	at org.apache.hadoop.hive.metastore.HiveMetaStore.newHMSHandler(HiveMetaStore.java:4060)
	at org.apache.hadoop.hive.metastore.HiveMetaStore.startMetaStore(HiveMetaStore.java:4263)
	at org.apache.hadoop.hive.metastore.HiveMetaStore.main(HiveMetaStore.java:4197)
	at sun.reflect.NativeMethodAccessorImpl.invoke0(Native Method)
	at sun.reflect.NativeMethodAccessorImpl.invoke(Unknown Source)
	at sun.reflect.DelegatingMethodAccessorImpl.invoke(Unknown Source)
	at java.lang.reflect.Method.invoke(Unknown Source)
	at org.apache.hadoop.util.RunJar.main(RunJar.java:212)
java.sql.SQLException: The table 'DATABASE_PARAMS' is full
	at com.mysql.jdbc.SQLError.createSQLException(SQLError.java:1086)
	at com.mysql.jdbc.MysqlIO.checkErrorPacket(MysqlIO.java:4237)
	at com.mysql.jdbc.MysqlIO.checkErrorPacket(MysqlIO.java:4169)
	at com.mysql.jdbc.MysqlIO.sendCommand(MysqlIO.java:2617)
	at com.mysql.jdbc.MysqlIO.sqlQueryDirect(MysqlIO.java:2778)
	at com.mysql.jdbc.ConnectionImpl.execSQL(ConnectionImpl.java:2819)
	at com.mysql.jdbc.ConnectionImpl.execSQL(ConnectionImpl.java:2768)
	at com.mysql.jdbc.StatementImpl.execute(StatementImpl.java:949)
	at com.mysql.jdbc.StatementImpl.execute(StatementImpl.java:795)
	at com.jolbox.bonecp.StatementHandle.execute(StatementHandle.java:300)
	at org.datanucleus.store.rdbms.table.AbstractTable.executeDdlStatement(AbstractTable.java:760)
	at org.datanucleus.store.rdbms.table.TableImpl.createIndices(TableImpl.java:648)
	at org.datanucleus.store.rdbms.table.TableImpl.createConstraints(TableImpl.java:422)
	at org.datanucleus.store.rdbms.RDBMSStoreManager$ClassAdder.performTablesValidation(RDBMSStoreManager.java:3466)
	at org.datanucleus.store.rdbms.RDBMSStoreManager$ClassAdder.addClassTablesAndValidate(RDBMSStoreManager.java:3199)
	at org.datanucleus.store.rdbms.RDBMSStoreManager$ClassAdder.run(RDBMSStoreManager.java:2850)
	at org.datanucleus.store.rdbms.AbstractSchemaTransaction.execute(AbstractSchemaTransaction.java:122)
	at org.datanucleus.store.rdbms.RDBMSStoreManager.addClasses(RDBMSStoreManager.java:1624)
	at org.datanucleus.store.AbstractStoreManager.addClass(AbstractStoreManager.java:953)
	at org.datanucleus.store.rdbms.RDBMSStoreManager.getDatastoreClass(RDBMSStoreManager.java:687)
	at org.datanucleus.store.rdbms.RDBMSStoreManager.getPropertiesForGenerator(RDBMSStoreManager.java:2059)
	at org.datanucleus.store.AbstractStoreManager.getStrategyValue(AbstractStoreManager.java:1364)
	at org.datanucleus.ExecutionContextImpl.newObjectId(ExecutionContextImpl.java:3727)
	at org.datanucleus.state.JDOStateManager.setIdentity(JDOStateManager.java:2574)
	at org.datanucleus.state.JDOStateManager.initialiseForPersistentNew(JDOStateManager.java:526)
	at org.datanucleus.state.ObjectProviderFactoryImpl.newForPersistentNew(ObjectProviderFactoryImpl.java:202)
	at org.datanucleus.ExecutionContextImpl.newObjectProviderForPersistentNew(ExecutionContextImpl.java:1326)
	at org.datanucleus.ExecutionContextImpl.persistObjectInternal(ExecutionContextImpl.java:2123)
	at org.datanucleus.ExecutionContextImpl.persistObjectWork(ExecutionContextImpl.java:1972)
	at org.datanucleus.ExecutionContextImpl.persistObject(ExecutionContextImpl.java:1820)
	at org.datanucleus.ExecutionContextThreadedImpl.persistObject(ExecutionContextThreadedImpl.java:217)
	at org.datanucleus.api.jdo.JDOPersistenceManager.jdoMakePersistent(JDOPersistenceManager.java:727)
	at org.datanucleus.api.jdo.JDOPersistenceManager.makePersistent(JDOPersistenceManager.java:752)
	at org.apache.hadoop.hive.metastore.ObjectStore.createDatabase(ObjectStore.java:403)
	at sun.reflect.NativeMethodAccessorImpl.invoke0(Native Method)
	at sun.reflect.NativeMethodAccessorImpl.invoke(Unknown Source)
	at sun.reflect.DelegatingMethodAccessorImpl.invoke(Unknown Source)
	at java.lang.reflect.Method.invoke(Unknown Source)
	at org.apache.hadoop.hive.metastore.RetryingRawStore.invoke(RetryingRawStore.java:124)
	at $Proxy0.createDatabase(Unknown Source)
	at org.apache.hadoop.hive.metastore.HiveMetaStore$HMSHandler.createDefaultDB_core(HiveMetaStore.java:422)
	at org.apache.hadoop.hive.metastore.HiveMetaStore$HMSHandler.createDefaultDB(HiveMetaStore.java:441)
	at org.apache.hadoop.hive.metastore.HiveMetaStore$HMSHandler.init(HiveMetaStore.java:326)
	at org.apache.hadoop.hive.metastore.HiveMetaStore$HMSHandler.<init>(HiveMetaStore.java:286)
	at org.apache.hadoop.hive.metastore.RetryingHMSHandler.<init>(RetryingHMSHandler.java:54)
	at org.apache.hadoop.hive.metastore.RetryingHMSHandler.getProxy(RetryingHMSHandler.java:59)
	at org.apache.hadoop.hive.metastore.HiveMetaStore.newHMSHandler(HiveMetaStore.java:4060)
	at org.apache.hadoop.hive.metastore.HiveMetaStore.startMetaStore(HiveMetaStore.java:4263)
	at org.apache.hadoop.hive.metastore.HiveMetaStore.main(HiveMetaStore.java:4197)
	at sun.reflect.NativeMethodAccessorImpl.invoke0(Native Method)
	at sun.reflect.NativeMethodAccessorImpl.invoke(Unknown Source)
	at sun.reflect.DelegatingMethodAccessorImpl.invoke(Unknown Source)
	at java.lang.reflect.Method.invoke(Unknown Source)
	at org.apache.hadoop.util.RunJar.main(RunJar.java:212)


